Product_CD|Product_Amt|Store_CD|Store_Name|Date|Delivery_CD
679|13|1|"Sophie's Free \"Gym\" "|20140101|1
504|14|1|"Sophie's Free \"Gym\" "|20140101|2
163|15|1|"Sophie's Free \"Gym\" "|20140101|3
506|14|1|"Sophie's Free \"Gym\" "|20140102|1
371|15|1|"Sophie's Free \"Gym\" "|20140102|2
212|16|1|"Sophie's Free \"Gym\" "|20140102|3
418|15|1|"Sophie's Free \"Gym\" "|20140103|1
629|16|1|"Sophie's Free \"Gym\" "|20140103|2
965|17|1|"Sophie's Free \"Gym\" "|20140103|3
693|16|1|"Sophie's Free \"Gym\" "|20140104|1
262|17|1|"Sophie's Free \"Gym\" "|20140104|2
463|18|1|"Sophie's Free \"Gym\" "|20140104|3
1051|14|2|Butters' Mochi Shop |20140101|1
876|15|2|Butters' Mochi Shop |20140101|2
211|16|2|Butters' Mochi Shop |20140101|3
713|15|2|Butters' Mochi Shop |20140102|1
234|16|2|Butters' Mochi Shop |20140102|2
858|17|2|Butters' Mochi Shop |20140102|3
920|16|2|Butters' Mochi Shop |20140103|1
748|17|2|Butters' Mochi Shop |20140103|2
395|18|2|Butters' Mochi Shop |20140103|3
883|17|2|Butters' Mochi Shop |20140104|1
156|18|2|Butters' Mochi Shop |20140104|2
1003|19|2|Butters' Mochi Shop |20140104|3
409|15|3|Div n' Jared's Juice|20140101|1
882|16|3|Div n' Jared's Juice|20140101|2
114|17|3|Div n' Jared's Juice|20140101|3
870|16|3|Div n' Jared's Juice|20140102|1
1019|17|3|Div n' Jared's Juice|20140102|2
555|18|3|Div n' Jared's Juice|20140102|3
912|17|3|Div n' Jared's Juice|20140103|1
914|18|3|Div n' Jared's Juice|20140103|2
184|19|3|Div n' Jared's Juice|20140103|3
883|18|3|Div n' Jared's Juice|20140104|1
201|19|3|Div n' Jared's Juice|20140104|2
834|20|3|Div n' Jared's Juice|20140104|3
357|16|4|Gas To The Max      |20140101|1
413|17|4|Gas To The Max      |20140101|2
527|18|4|Gas To The Max      |20140101|3
133|17|4|Gas To The Max      |20140102|1
483|18|4|Gas To The Max      |20140102|2
655|19|4|Gas To The Max      |20140102|3
218|18|4|Gas To The Max      |20140103|1
945|19|4|Gas To The Max      |20140103|2
1010|20|4|Gas To The Max      |20140103|3
1023|19|4|Gas To The Max      |20140104|1
258|20|4|Gas To The Max      |20140104|2
735|21|4|Gas To The Max      |20140104|3
179|17|5|James' Japanese Tea |20140101|1
232|18|5|James' Japanese Tea |20140101|2
766|19|5|James' Japanese Tea |20140101|3
863|18|5|James' Japanese Tea |20140102|1
572|19|5|James' Japanese Tea |20140102|2
113|20|5|James' Japanese Tea |20140102|3
991|19|5|James' Japanese Tea |20140103|1
174|20|5|James' Japanese Tea |20140103|2
328|21|5|James' Japanese Tea |20140103|3
931|20|5|James' Japanese Tea |20140104|1
398|21|5|James' Japanese Tea |20140104|2
606|22|5|James' Japanese Tea |20140104|3